1
2
3
4
5
6
6
7
6
8
6
6
6
9
4
6
4
6
10
4
6
11
12
13
14
6
6
15
6
4
16
17
18
4
4
4
19
4
20
21
6
22
12
4
4
23
16
4
24
6
6
4
25
26
4
6
4
27
6
4
6
4
4
28
29
4
30
31
4
32
6
13
4
33
4
14
6
6
6
34
35
4
4
4
6
4
36
4
37
35
36
6
6
38
4
35
16
39
6
22
40
6
41
4
4
4
6
42
4
43
6
44
6
4
4
45
6
4
46
47
4
12
48
4
4
4
49
50
6
4
4
6
4
6
6
35
4
4
51
4
6
2
52
6
6
4
4
6
6
6
6
53
6
4
54
4
55
56
57
6
58
6
4
59
4
6
60
20
6
61
6
6
6
5
6
4
62
4
63
11
4
6
14
64
4
65
4
66
4
4
4
4
14
4
67
12
68
4
6
4
6
6
57
6
69
35
4
4
70
6
71
16
6
6
4
72
73
74
75
34
76
4
4
4
6
6
77
6
4
4
6
6
78
68
74
6
4
16
4
4
16
4
79
6
4
6
6
6
80
6
44
81
4
6
4
6
56
6
6
4
6
64
82
26
71
4
64
83
84
85
6
6
6
22
34
83
6
6
4
4
6
6
4
86
6
87
6
88
6
89
90
52
6
6
4
91
30
6
4
4
14
4
6
92
6
14
4
34
93
4
6
4
39
6
4
6
94
6
6
6
95
6
6
53
43
6
67
4
89
96
6
4
4
97
98
6
73
99
6
4
100
4
6
101
102
6
6
93
6
76
35
35
103
104
4
55
69
64
4
3
11
6
4
105
6
6
47
6
4
6
6
4
4
6
106
78
107
6
108
4
4
109
110
6
4
64
6
4
88
4
4
4
105
4
70
4
6
111
51
6
91
112
6
6
4
6
4
4
4
4
1
4
113
4
4
114
115
116
4
64
6
4
6
117
118
6
17
6
4
4
119
120
6
121
6
4
122
6
123
124
6
6
4
4
4
34
34
50
4
125
4
126
4
72
4
4
4
4
32
6
6
4
11
4
95
6
6
6
6
6
6
4
6
6
4
6
12
127
4
4
40
4
6
22
128
6
4
9
106
6
4
4
14
6
129
6
130
4
6
35
4
81
4
4
131
24
131
4
6
6
6
6
132
4
6
133
79
134
4
135
6
136
6
11
4
6
6
6
4
4
65
12
6
4
4
6
4
108
6
4
127
19
22
6
137
98
6
138
6
8
4
4
137
6
4
4
138
4
77
6
14
4
4
133
6
6
64
4
4
4
6
6
4
6
4
11
139
140
141
136
4
6
4
129
4
4
4
4
4
6
4
6
46
4
6
6
6
64
142
64
12
6
6
6
6
6
7
29
6
4
143
144
6
14
6
145
6
4
4
6
4
6
4
4
4
4
6
48
80
4
117
4
4
75
86
6
4
4
121
4
146
94
147
6
116
148
6
4
6
4
6
6
4
85
6
101
149
150
12
58
151
6
96
6
11
152
153
41
10
28
4
4
6
6
6
4
6
4
4
154
4
146
99
4
6
4
4
11
6
6
125
4
6
144
6
155
134
156
6
31
6
22
14
6
6
4
4
4
4
147
154
6
157
33
22
122
4
123
16
4
6
6
155
6
6
110
6
6
149
6
119
4
6
4
6
4
4
158
4
22
6
159
6
4
151
4
4
4
4
6
4
4
6
16
4
63
4
6
156
22
139
113
37
4
160
153
4
6
6
4
4
6
4
4
6
4
4
114
143
145
112
6
4
159
158
35
6
4
150
6
4
22
16
4
6
132
6
124
23
161
11
4
84
6
6
140
161
157
6
6
4
109
12
6
4
120
6
4
16
152
4
130
118
4
6
128
14
92
4
90
6
148
42
14
6
111
6
6
4
107
6
6
6
4
4
35
6
4
4
6
35
27
